0 info it worked if it ends with ok
1 verbose cli [ '/usr/local/bin/node',
1 verbose cli   '/usr/local/bin/npm',
1 verbose cli   'run-script',
1 verbose cli   'run-async' ]
2 info using npm@3.10.3
3 info using node@v6.6.0
4 verbose run-script [ 'prerun-async', 'run-async', 'postrun-async' ]
5 info lifecycle async_vs_asynquence@0.0.1~prerun-async: async_vs_asynquence@0.0.1
6 silly lifecycle async_vs_asynquence@0.0.1~prerun-async: no script for prerun-async, continuing
7 info lifecycle async_vs_asynquence@0.0.1~run-async: async_vs_asynquence@0.0.1
8 verbose lifecycle async_vs_asynquence@0.0.1~run-async: unsafe-perm in lifecycle true
9 verbose lifecycle async_vs_asynquence@0.0.1~run-async: PATH: /usr/local/lib/node_modules/npm/bin/node-gyp-bin:/Users/mox/node-projects/asnc-bench/node_modules/.bin:/usr/local/bin:/usr/local/sbin:/usr/local/apache-maven-3.3.9/bin:/usr/local/bin:/usr/bin:/bin:/usr/sbin:/sbin:/usr/local/go/bin:/Applications/Postgres.app/Contents/Versions/9.4/bin
10 verbose lifecycle async_vs_asynquence@0.0.1~run-async: CWD: /Users/mox/node-projects/asnc-bench
11 silly lifecycle async_vs_asynquence@0.0.1~run-async: Args: [ '-c', 'node run.js async' ]
12 silly lifecycle async_vs_asynquence@0.0.1~run-async: Returned: code: 1  signal: null
13 info lifecycle async_vs_asynquence@0.0.1~run-async: Failed to exec run-async script
14 verbose stack Error: async_vs_asynquence@0.0.1 run-async: `node run.js async`
14 verbose stack Exit status 1
14 verbose stack     at EventEmitter.<anonymous> (/usr/local/lib/node_modules/npm/lib/utils/lifecycle.js:242:16)
14 verbose stack     at emitTwo (events.js:106:13)
14 verbose stack     at EventEmitter.emit (events.js:191:7)
14 verbose stack     at ChildProcess.<anonymous> (/usr/local/lib/node_modules/npm/lib/utils/spawn.js:40:14)
14 verbose stack     at emitTwo (events.js:106:13)
14 verbose stack     at ChildProcess.emit (events.js:191:7)
14 verbose stack     at maybeClose (internal/child_process.js:877:16)
14 verbose stack     at Process.ChildProcess._handle.onexit (internal/child_process.js:226:5)
15 verbose pkgid async_vs_asynquence@0.0.1
16 verbose cwd /Users/mox/node-projects/asnc-bench
17 error Darwin 14.5.0
18 error argv "/usr/local/bin/node" "/usr/local/bin/npm" "run-script" "run-async"
19 error node v6.6.0
20 error npm  v3.10.3
21 error code ELIFECYCLE
22 error async_vs_asynquence@0.0.1 run-async: `node run.js async`
22 error Exit status 1
23 error Failed at the async_vs_asynquence@0.0.1 run-async script 'node run.js async'.
23 error Make sure you have the latest version of node.js and npm installed.
23 error If you do, this is most likely a problem with the async_vs_asynquence package,
23 error not with npm itself.
23 error Tell the author that this fails on your system:
23 error     node run.js async
23 error You can get information on how to open an issue for this project with:
23 error     npm bugs async_vs_asynquence
23 error Or if that isn't available, you can get their info via:
23 error     npm owner ls async_vs_asynquence
23 error There is likely additional logging output above.
24 verbose exit [ 1, true ]
